  SFML_example.cpp
c:\users\admin\desktop\lg\sfml_example\sfml_example\rocket.h(29): warning C4244: аргумент: преобразование "double" в "float", возможна потеря данных
c:\users\admin\desktop\lg\sfml_example\sfml_example\rocket.h(66): warning C4244: аргумент: преобразование "double" в "float", возможна потеря данных
c:\users\admin\desktop\lg\sfml_example\sfml_example\rocket.h(91): warning C4244: аргумент: преобразование "double" в "float", возможна потеря данных
c:\users\admin\desktop\lg\sfml_example\sfml_example\rocket.h(140): warning C4244: аргумент: преобразование "double" в "float", возможна потеря данных
c:\users\admin\desktop\lg\sfml_example\sfml_example\rocket.h(158): warning C4244: аргумент: преобразование "unsigned int" в "float", возможна потеря данных
c:\users\admin\desktop\lg\sfml_example\sfml_example\speedindicator.h(50): warning C4244: аргумент: преобразование "double" в "float", возможна потеря данных
c:\users\admin\desktop\lg\sfml_example\sfml_example\speedindicator.h(51): warning C4244: аргумент: преобразование "double" в "float", возможна потеря данных
c:\users\admin\desktop\lg\sfml_example\sfml_example\background.h(38): warning C4244: аргумент: преобразование "double" в "float", возможна потеря данных
c:\users\admin\desktop\lg\sfml_example\sfml_example\background.h(54): warning C4244: +=: преобразование "double" в "float", возможна потеря данных
c:\users\admin\desktop\lg\sfml_example\sfml_example\background.h(55): warning C4244: +=: преобразование "double" в "float", возможна потеря данных
c:\users\admin\desktop\lg\sfml_example\sfml_example\background.h(57): warning C4244: =: преобразование "double" в "float", возможна потеря данных
c:\users\admin\desktop\lg\sfml_example\sfml_example\background.h(58): warning C4244: =: преобразование "double" в "float", возможна потеря данных
c:\users\admin\desktop\lg\sfml_example\sfml_example\background.h(85): warning C4244: аргумент: преобразование "double" в "sf::Uint8", возможна потеря данных
c:\users\admin\desktop\lg\sfml_example\sfml_example\background.h(92): warning C4244: аргумент: преобразование "double" в "float", возможна потеря данных
c:\users\admin\desktop\lg\sfml_example\sfml_example\asteroid.h(109): warning C4244: аргумент: преобразование "double" в "float", возможна потеря данных
c:\users\admin\desktop\lg\sfml_example\sfml_example\asteroid.h(111): warning C4244: аргумент: преобразование "double" в "float", возможна потеря данных
c:\users\admin\desktop\lg\sfml_example\sfml_example\asteroid.h(125): warning C4244: аргумент: преобразование "double" в "float", возможна потеря данных
c:\users\admin\desktop\lg\sfml_example\sfml_example\asteroid.h(127): warning C4244: аргумент: преобразование "double" в "float", возможна потеря данных
c:\users\admin\desktop\lg\sfml_example\sfml_example\gravitycenter.h(93): warning C4244: +=: преобразование "double" в "float", возможна потеря данных
c:\users\admin\desktop\lg\sfml_example\sfml_example\gravitycenter.h(94): warning C4244: +=: преобразование "double" в "float", возможна потеря данных
c:\users\admin\desktop\lg\sfml_example\sfml_example\gravitycenter.h(122): warning C4244: аргумент: преобразование "double" в "float", возможна потеря данных
c:\users\admin\desktop\lg\sfml_example\sfml_example\gravitycenter.h(124): warning C4244: аргумент: преобразование "double" в "float", возможна потеря данных
c:\users\admin\desktop\lg\sfml_example\sfml_example\gravitycenter.h(157): warning C4244: аргумент: преобразование "double" в "float", возможна потеря данных
c:\users\admin\desktop\lg\sfml_example\sfml_example\sfml_example.cpp(34): warning C4244: аргумент: преобразование "time_t" в "unsigned int", возможна потеря данных
c:\users\admin\desktop\lg\sfml_example\sfml_example\sfml_example.cpp(50): warning C4244: аргумент: преобразование "unsigned int" в "float", возможна потеря данных
c:\users\admin\desktop\lg\sfml_example\sfml_example\sfml_example.cpp(53): warning C4244: аргумент: преобразование "unsigned int" в "float", возможна потеря данных
c:\users\admin\desktop\lg\sfml_example\sfml_example\sfml_example.cpp(68): warning C4244: аргумент: преобразование "unsigned int" в "float", возможна потеря данных
c:\users\admin\desktop\lg\sfml_example\sfml_example\sfml_example.cpp(77): warning C4244: аргумент: преобразование "unsigned int" в "float", возможна потеря данных
c:\users\admin\desktop\lg\sfml_example\sfml_example\sfml_example.cpp(97): warning C4244: аргумент: преобразование "unsigned int" в "float", возможна потеря данных
c:\users\admin\desktop\lg\sfml_example\sfml_example\sfml_example.cpp(109): warning C4244: аргумент: преобразование "unsigned int" в "float", возможна потеря данных
c:\users\admin\desktop\lg\sfml_example\sfml_example\sfml_example.cpp(118): warning C4244: аргумент: преобразование "unsigned int" в "float", возможна потеря данных
c:\users\admin\desktop\lg\sfml_example\sfml_example\sfml_example.cpp(121): warning C4244: аргумент: преобразование "unsigned int" в "float", возможна потеря данных
c:\users\admin\desktop\lg\sfml_example\sfml_example\sfml_example.cpp(133): warning C4244: аргумент: преобразование "unsigned int" в "float", возможна потеря данных
c:\users\admin\desktop\lg\sfml_example\sfml_example\sfml_example.cpp(263): warning C4244: аргумент: преобразование "double" в "float", возможна потеря данных
c:\users\admin\desktop\lg\sfml_example\sfml_example\sfml_example.cpp(267): warning C4244: аргумент: преобразование "double" в "float", возможна потеря данных
c:\users\admin\desktop\lg\sfml_example\sfml_example\sfml_example.cpp(288): warning C4244: =: преобразование "double" в "int", возможна потеря данных
c:\users\admin\desktop\lg\sfml_example\sfml_example\sfml_example.cpp(342): warning C4244: аргумент: преобразование "unsigned int" в "float", возможна потеря данных
c:\users\admin\desktop\lg\sfml_example\sfml_example\sfml_example.cpp(367): warning C4244: аргумент: преобразование "double" в "float", возможна потеря данных
c:\users\admin\desktop\lg\sfml_example\sfml_example\sfml_example.cpp(409): warning C4244: =: преобразование "double" в "int", возможна потеря данных
c:\users\admin\desktop\lg\sfml_example\sfml_example\sfml_example.cpp(460): warning C4244: аргумент: преобразование "unsigned int" в "float", возможна потеря данных
c:\users\admin\desktop\lg\sfml_example\sfml_example\sfml_example.cpp(468): warning C4244: аргумент: преобразование "unsigned int" в "float", возможна потеря данных
  SFML_example.vcxproj -> C:\Users\admin\Desktop\lg\SFML_example\Debug\SFML_example.exe
  SFML_example.vcxproj -> C:\Users\admin\Desktop\lg\SFML_example\Debug\SFML_example.pdb (Full PDB)
