  stdafx.cpp
  SFML_example.cpp
SFML_example.obj : error LNK2001: неразрешенный внешний символ ""__declspec(dllimport) public: __thiscall sf::RenderWindow::RenderWindow(class sf::VideoMode,class sf::String const &,unsigned int,struct sf::ContextSettings const &)" (__imp_??0RenderWindow@sf@@QAE@VVideoMode@1@ABVString@1@IABUContextSettings@1@@Z)"
SFML_example.obj : error LNK2001: неразрешенный внешний символ ""__declspec(dllimport) public: __thiscall sf::String::String(char const *,class std::locale const &)" (__imp_??0String@sf@@QAE@PBDABVlocale@std@@@Z)"
SFML_example.obj : error LNK2001: неразрешенный внешний символ ""__declspec(dllimport) public: __thiscall sf::VideoMode::VideoMode(unsigned int,unsigned int,unsigned int)" (__imp_??0VideoMode@sf@@QAE@III@Z)"
SFML_example.obj : error LNK2001: неразрешенный внешний символ ""__declspec(dllimport) public: virtual __thiscall sf::RenderWindow::~RenderWindow(void)" (__imp_??1RenderWindow@sf@@UAE@XZ)"
SFML_example.obj : error LNK2001: неразрешенный внешний символ ""__declspec(dllimport) public: __thiscall sf::Texture::Texture(void)" (__imp_??0Texture@sf@@QAE@XZ)"
SFML_example.obj : error LNK2001: неразрешенный внешний символ ""__declspec(dllimport) public: __thiscall sf::Texture::~Texture(void)" (__imp_??1Texture@sf@@QAE@XZ)"
SFML_example.obj : error LNK2001: неразрешенный внешний символ ""__declspec(dllimport) public: bool __thiscall sf::Texture::loadFromFile(class std::basic_string<char,struct std::char_traits<char>,class std::allocator<char> > const &,class sf::Rect<int> const &)" (__imp_?loadFromFile@Texture@sf@@QAE_NABV?$basic_string@DU?$char_traits@D@std@@V?$allocator@D@2@@std@@ABV?$Rect@H@2@@Z)"
SFML_example.obj : error LNK2001: неразрешенный внешний символ ""__declspec(dllimport) public: __thiscall sf::Sprite::Sprite(void)" (__imp_??0Sprite@sf@@QAE@XZ)"
SFML_example.obj : error LNK2001: неразрешенный внешний символ ""__declspec(dllimport) public: void __thiscall sf::Sprite::setTexture(class sf::Texture const &,bool)" (__imp_?setTexture@Sprite@sf@@QAEXABVTexture@2@_N@Z)"
SFML_example.obj : error LNK2001: неразрешенный внешний символ ""__declspec(dllimport) public: bool __thiscall sf::Window::isOpen(void)const " (__imp_?isOpen@Window@sf@@QBE_NXZ)"
SFML_example.obj : error LNK2001: неразрешенный внешний символ ""__declspec(dllimport) public: bool __thiscall sf::Window::pollEvent(class sf::Event &)" (__imp_?pollEvent@Window@sf@@QAE_NAAVEvent@2@@Z)"
SFML_example.obj : error LNK2001: неразрешенный внешний символ ""__declspec(dllimport) public: void __thiscall sf::Window::close(void)" (__imp_?close@Window@sf@@QAEXXZ)"
SFML_example.obj : error LNK2001: неразрешенный внешний символ ""__declspec(dllimport) public: void __thiscall sf::RenderTarget::clear(class sf::Color const &)" (__imp_?clear@RenderTarget@sf@@QAEXABVColor@2@@Z)"
SFML_example.obj : error LNK2001: неразрешенный внешний символ ""__declspec(dllimport) public: __thiscall sf::Color::Color(unsigned char,unsigned char,unsigned char,unsigned char)" (__imp_??0Color@sf@@QAE@EEEE@Z)"
SFML_example.obj : error LNK2001: неразрешенный внешний символ ""__declspec(dllimport) public: void __thiscall sf::RenderTarget::draw(class sf::Drawable const &,class sf::RenderStates const &)" (__imp_?draw@RenderTarget@sf@@QAEXABVDrawable@2@ABVRenderStates@2@@Z)"
SFML_example.obj : error LNK2001: неразрешенный внешний символ ""__declspec(dllimport) public: static class sf::RenderStates const sf::RenderStates::Default" (__imp_?Default@RenderStates@sf@@2V12@B)"
SFML_example.obj : error LNK2001: неразрешенный внешний символ ""__declspec(dllimport) public: void __thiscall sf::Window::display(void)" (__imp_?display@Window@sf@@QAEXXZ)"
SFML_example.obj : error LNK2001: неразрешенный внешний символ ""__declspec(dllimport) public: virtual __thiscall sf::Sprite::~Sprite(void)" (__imp_??1Sprite@sf@@UAE@XZ)"
SFML_example.obj : error LNK2001: неразрешенный внешний символ ""__declspec(dllimport) public: __thiscall sf::String::~String(void)" (__imp_??1String@sf@@QAE@XZ)"
C:\Users\admin\Desktop\lg\SFML_example\Release\SFML_example.exe : fatal error LNK1120: неразрешенных внешних элементов: 19
